<?xml version="1.0" encoding="UTF-8"?>
<testsuite xmlns:xsi="http://www.w3.org/2001/XMLSchema-instance" xsi:noNamespaceSchemaLocation="https://maven.apache.org/surefire/maven-surefire-plugin/xsd/surefire-test-report.xsd" version="3.0.2" name="deo.raghav.course_project.CourseProjectApplicationTests" time="5.174" tests="1" errors="0" skipped="0" failures="0">
  <properties>
[...]
</properties>
  <testcase name="contextLoads" classname="deo.raghav.course_project.CourseProjectApplicationTests" time="0.405">
    <system-out><![CDATA[22:10:48.651 [main] INFO org.springframework.test.context.support.AnnotationConfigContextLoaderUtils -- Could not detect default configuration classes for test class [deo.raghav.course_project.CourseProjectApplicationTests]: CourseProjectApplicationTests does not declare any static, non-private, non-final, nested classes annotated with @Configuration.
22:10:48.816 [main] INFO org.springframework.boot.test.context.SpringBootTestContextBootstrapper -- Found @SpringBootConfiguration deo.raghav.course_project.CourseProjectApplication for test class deo.raghav.course_project.CourseProjectApplicationTests

  .   ____          _            __ _ _
 /\\ / ___'_ __ _ _(_)_ __  __ _ \ \ \ \
( ( )\___ | '_ | '_| | '_ \/ _` | \ \ \ \
 \\/  ___)| |_)| | | | | || (_| |  ) ) ) )
  '  |____| .__|_| |_|_| |_\__, | / / / /
 =========|_|==============|___/=/_/_/_/

 :: Spring Boot ::                (v3.5.6)

2026-01-04T22:10:49.287+05:30  INFO 6188 --- [course-project] [           main] d.r.c.CourseProjectApplicationTests      : Starting CourseProjectApplicationTests using Java 17.0.16 with PID 6188 (started by raghav in /media/raghav/DATA/Programming/eclipse-java-workspace-linux/course-project)
2026-01-04T22:10:49.290+05:30  INFO 6188 --- [course-project] [           main] d.r.c.CourseProjectApplicationTests      : No active profile set, falling back to 1 default profile: "default"
2026-01-04T22:10:50.350+05:30  INFO 6188 --- [course-project] [           main] .s.d.r.c.RepositoryConfigurationDelegate : Bootstrapping Spring Data JPA repositories in DEFAULT mode.
2026-01-04T22:10:50.410+05:30  INFO 6188 --- [course-project] [           main] .s.d.r.c.RepositoryConfigurationDelegate : Finished Spring Data repository scanning in 49 ms. Found 1 JPA repository interface.
2026-01-04T22:10:50.906+05:30  INFO 6188 --- [course-project] [           main] o.hibernate.jpa.internal.util.LogHelper  : HHH000204: Processing PersistenceUnitInfo [name: default]
2026-01-04T22:10:50.955+05:30  INFO 6188 --- [course-project] [           main] org.hibernate.Version                    : HHH000412: Hibernate ORM core version 6.6.29.Final
2026-01-04T22:10:50.984+05:30  INFO 6188 --- [course-project] [           main] o.h.c.internal.RegionFactoryInitiator    : HHH000026: Second-level cache disabled
2026-01-04T22:10:51.259+05:30  INFO 6188 --- [course-project] [           main] o.s.o.j.p.SpringPersistenceUnitInfo      : No LoadTimeWeaver setup: ignoring JPA class transformer
2026-01-04T22:10:51.495+05:30  WARN 6188 --- [course-project] [           main] org.hibernate.dialect.Dialect            : HHH000511: The 5.5.5 version for [org.hibernate.dialect.MySQLDialect] is no longer supported, hence certain features may not work properly. The minimum supported version is 8.0.0. Check the community dialects project for available legacy versions.
2026-01-04T22:10:51.518+05:30  INFO 6188 --- [course-project] [           main] org.hibernate.orm.connections.pooling    : HHH10001005: Database info:
	Database JDBC URL [Connecting through datasource 'org.springframework.jdbc.datasource.SimpleDriverDataSource@1859ffda']
	Database driver: undefined/unknown
	Database version: 5.5.5
	Autocommit mode: undefined/unknown
	Isolation level: undefined/unknown
	Minimum pool size: undefined/unknown
	Maximum pool size: undefined/unknown
2026-01-04T22:10:52.193+05:30  INFO 6188 --- [course-project] [           main] o.h.e.t.j.p.i.JtaPlatformInitiator       : HHH000489: No JTA platform available (set 'hibernate.transaction.jta.platform' to enable JTA platform integration)
2026-01-04T22:10:52.240+05:30  INFO 6188 --- [course-project] [           main] j.LocalContainerEntityManagerFactoryBean : Initialized JPA EntityManagerFactory for persistence unit 'default'
2026-01-04T22:10:52.736+05:30  WARN 6188 --- [course-project] [           main] JpaBaseConfiguration$JpaWebConfiguration : spring.jpa.open-in-view is enabled by default. Therefore, database queries may be performed during view rendering. Explicitly configure spring.jpa.open-in-view to disable this warning
2026-01-04T22:10:53.260+05:30  INFO 6188 --- [course-project] [           main] d.r.c.CourseProjectApplicationTests      : Started CourseProjectApplicationTests in 4.284 seconds (process running for 5.27)
2026-01-04T22:10:53.264+05:30  WARN 6188 --- [course-project] [           main] o.s.core.events.SpringDocAppInitializer  : SpringDoc /v3/api-docs endpoint is enabled by default. To disable it in production, set the property 'springdoc.api-docs.enabled=false'
2026-01-04T22:10:53.264+05:30  WARN 6188 --- [course-project] [           main] o.s.core.events.SpringDocAppInitializer  : SpringDoc /swagger-ui.html endpoint is enabled by default. To disable it in production, set the property 'springdoc.swagger-ui.enabled=false'
]]></system-out>
  </testcase>
</testsuite>